# JRE version: OpenJDK Runtime Environment (8.0_131-b11) (build 1.8.0_131-b11)
# Java VM: OpenJDK 64-Bit Server VM (25.131-b11 mixed mode linux-amd64 compressed oops)
Heap:
 PSYoungGen      total 475648K, used 47388K [0x0000000743400000, 0x0000000766100000, 0x00000007c0000000)
  eden space 428544K, 8% used [0x0000000743400000,0x00000007459832d8,0x000000075d680000)
  from space 47104K, 19% used [0x000000075d680000,0x000000075df44070,0x0000000760480000)
  to   space 46592K, 0% used [0x0000000763380000,0x0000000763380000,0x0000000766100000)
 ParOldGen       total 528896K, used 87829K [0x0000000649c00000, 0x000000066a080000, 0x0000000743400000)
  object space 528896K, 16% used [0x0000000649c00000,0x000000064f1c5570,0x000000066a080000)
 Metaspace       used 68588K, capacity 71146K, committed 71256K, reserved 1112064K
  class space    used 8437K, capacity 8948K, committed 9048K, reserved 1048576K
GC Heap History (10 events):
Event: 5.830 GC heap before
{Heap before GC invocations=8 (full 2):
 PSYoungGen      total 346624K, used 346616K [0x0000000743400000, 0x000000075bc00000, 0x00000007c0000000)
  eden space 330752K, 100% used [0x0000000743400000,0x0000000757700000,0x0000000757700000)
  from space 15872K, 99% used [0x000000075aa80000,0x000000075b9fe2d8,0x000000075ba00000)
  to   space 2048K, 0% used [0x000000075ba00000,0x000000075ba00000,0x000000075bc00000)
 ParOldGen       total 320000K, used 47117K [0x0000000649c00000, 0x000000065d480000, 0x0000000743400000)
  object space 320000K, 14% used [0x0000000649c00000,0x000000064ca03570,0x000000065d480000)
 Metaspace       used 48062K, capacity 49422K, committed 49624K, reserved 1093632K
  class space    used 5997K, capacity 6347K, committed 6360K, reserved 1048576K
Event: 5.847 GC heap after
Heap after GC invocations=8 (full 2):
 PSYoungGen      total 352256K, used 2046K [0x0000000743400000, 0x0000000763000000, 0x00000007c0000000)
  eden space 350208K, 0% used [0x0000000743400000,0x0000000743400000,0x0000000758a00000)
  from space 2048K, 99% used [0x000000075ba00000,0x000000075bbffb30,0x000000075bc00000)
  to   space 49152K, 0% used [0x0000000758a00000,0x0000000758a00000,0x000000075ba00000)
 ParOldGen       total 320000K, used 99987K [0x0000000649c00000, 0x000000065d480000, 0x0000000743400000)
  object space 320000K, 31% used [0x0000000649c00000,0x000000064fda4e20,0x000000065d480000)
 Metaspace       used 48062K, capacity 49422K, committed 49624K, reserved 1093632K
  class space    used 5997K, capacity 6347K, committed 6360K, reserved 1048576K
}
Event: 6.686 GC heap before
{Heap before GC invocations=9 (full 2):
 PSYoungGen      total 352256K, used 120619K [0x0000000743400000, 0x0000000763000000, 0x00000007c0000000)
  eden space 350208K, 33% used [0x0000000743400000,0x000000074a7cb340,0x0000000758a00000)
  from space 2048K, 99% used [0x000000075ba00000,0x000000075bbffb30,0x000000075bc00000)
  to   space 49152K, 0% used [0x0000000758a00000,0x0000000758a00000,0x000000075ba00000)
 ParOldGen       total 320000K, used 99987K [0x0000000649c00000, 0x000000065d480000, 0x0000000743400000)
  object space 320000K, 31% used [0x0000000649c00000,0x000000064fda4e20,0x000000065d480000)
 Metaspace       used 57151K, capacity 58868K, committed 59028K, reserved 1101824K
  class space    used 7178K, capacity 7576K, committed 7640K, reserved 1048576K
Event: 6.706 GC heap after
Heap after GC invocations=9 (full 2):
 PSYoungGen      total 399360K, used 15019K [0x0000000743400000, 0x0000000764980000, 0x00000007c0000000)
  eden space 350208K, 0% used [0x0000000743400000,0x0000000743400000,0x0000000758a00000)
  from space 49152K, 30% used [0x0000000758a00000,0x00000007598aae08,0x000000075ba00000)
  to   space 48128K, 0% used [0x0000000761a80000,0x0000000761a80000,0x0000000764980000)
 ParOldGen       total 320000K, used 99995K [0x0000000649c00000, 0x000000065d480000, 0x0000000743400000)
  object space 320000K, 31% used [0x0000000649c00000,0x000000064fda6e20,0x000000065d480000)
 Metaspace       used 57151K, capacity 58868K, committed 59028K, reserved 1101824K
  class space    used 7178K, capacity 7576K, committed 7640K, reserved 1048576K
}
Event: 6.706 GC heap before
{Heap before GC invocations=10 (full 3):
 PSYoungGen      total 399360K, used 15019K [0x0000000743400000, 0x0000000764980000, 0x00000007c0000000)
  eden space 350208K, 0% used [0x0000000743400000,0x0000000743400000,0x0000000758a00000)
  from space 49152K, 30% used [0x0000000758a00000,0x00000007598aae08,0x000000075ba00000)
  to   space 48128K, 0% used [0x0000000761a80000,0x0000000761a80000,0x0000000764980000)
 ParOldGen       total 320000K, used 99995K [0x0000000649c00000, 0x000000065d480000, 0x0000000743400000)
  object space 320000K, 31% used [0x0000000649c00000,0x000000064fda6e20,0x000000065d480000)
 Metaspace       used 57151K, capacity 58868K, committed 59028K, reserved 1101824K
  class space    used 7178K, capacity 7576K, committed 7640K, reserved 1048576K
Event: 6.882 GC heap after
Heap after GC invocations=10 (full 3):
 PSYoungGen      total 399360K, used 0K [0x0000000743400000, 0x0000000764980000, 0x00000007c0000000)
  eden space 350208K, 0% used [0x0000000743400000,0x0000000743400000,0x0000000758a00000)
  from space 49152K, 0% used [0x0000000758a00000,0x0000000758a00000,0x000000075ba00000)
  to   space 48128K, 0% used [0x0000000761a80000,0x0000000761a80000,0x0000000764980000)
 ParOldGen       total 528896K, used 87813K [0x0000000649c00000, 0x000000066a080000, 0x0000000743400000)
  object space 528896K, 16% used [0x0000000649c00000,0x000000064f1c1570,0x000000066a080000)
 Metaspace       used 57151K, capacity 58868K, committed 59028K, reserved 1101824K
  class space    used 7178K, capacity 7576K, committed 7640K, reserved 1048576K
}
Event: 13.412 GC heap before
{Heap before GC invocations=11 (full 3):
 PSYoungGen      total 399360K, used 350208K [0x0000000743400000, 0x0000000764980000, 0x00000007c0000000)
  eden space 350208K, 100% used [0x0000000743400000,0x0000000758a00000,0x0000000758a00000)
  from space 49152K, 0% used [0x0000000758a00000,0x0000000758a00000,0x000000075ba00000)
  to   space 48128K, 0% used [0x0000000761a80000,0x0000000761a80000,0x0000000764980000)
 ParOldGen       total 528896K, used 87813K [0x0000000649c00000, 0x000000066a080000, 0x0000000743400000)
  object space 528896K, 16% used [0x0000000649c00000,0x000000064f1c1570,0x000000066a080000)
 Metaspace       used 68136K, capacity 70596K, committed 70872K, reserved 1112064K
  class space    used 8404K, capacity 8902K, committed 8920K, reserved 1048576K
Event: 13.425 GC heap after
Heap after GC invocations=11 (full 3):
 PSYoungGen      total 453120K, used 15044K [0x0000000743400000, 0x0000000763280000, 0x00000007c0000000)
  eden space 428544K, 0% used [0x0000000743400000,0x0000000743400000,0x000000075d680000)
  from space 24576K, 61% used [0x0000000761a80000,0x0000000762931180,0x0000000763280000)
  to   space 47104K, 0% used [0x000000075d680000,0x000000075d680000,0x0000000760480000)
 ParOldGen       total 528896K, used 87821K [0x0000000649c00000, 0x000000066a080000, 0x0000000743400000)
  object space 528896K, 16% used [0x0000000649c00000,0x000000064f1c3570,0x000000066a080000)
 Metaspace       used 68136K, capacity 70596K, committed 70872K, reserved 1112064K
  class space    used 8404K, capacity 8902K, committed 8920K, reserved 1048576K
}
Event: 15.901 GC heap before
{Heap before GC invocations=12 (full 3):
 PSYoungGen      total 453120K, used 443588K [0x0000000743400000, 0x0000000763280000, 0x00000007c0000000)
  eden space 428544K, 100% used [0x0000000743400000,0x000000075d680000,0x000000075d680000)
  from space 24576K, 61% used [0x0000000761a80000,0x0000000762931180,0x0000000763280000)
  to   space 47104K, 0% used [0x000000075d680000,0x000000075d680000,0x0000000760480000)
 ParOldGen       total 528896K, used 87821K [0x0000000649c00000, 0x000000066a080000, 0x0000000743400000)
  object space 528896K, 16% used [0x0000000649c00000,0x000000064f1c3570,0x000000066a080000)
 Metaspace       used 68316K, capacity 70890K, committed 71256K, reserved 1112064K
  class space    used 8405K, capacity 8935K, committed 9048K, reserved 1048576K
Event: 15.910 GC heap after
Heap after GC invocations=12 (full 3):
 PSYoungGen      total 475648K, used 8976K [0x0000000743400000, 0x0000000766100000, 0x00000007c0000000)
  eden space 428544K, 0% used [0x0000000743400000,0x0000000743400000,0x000000075d680000)
  from space 47104K, 19% used [0x000000075d680000,0x000000075df44070,0x0000000760480000)
  to   space 46592K, 0% used [0x0000000763380000,0x0000000763380000,0x0000000766100000)
 ParOldGen       total 528896K, used 87829K [0x0000000649c00000, 0x000000066a080000, 0x0000000743400000)
  object space 528896K, 16% used [0x0000000649c00000,0x000000064f1c5570,0x000000066a080000)
 Metaspace       used 68316K, capacity 70890K, committed 71256K, reserved 1112064K
  class space    used 8405K, capacity 8935K, committed 9048K, reserved 1048576K
}

