# JRE version: OpenJDK Runtime Environment (8.0_131-b11) (build 1.8.0_131-b11)
# Java VM: OpenJDK 64-Bit Server VM (25.131-b11 mixed mode linux-amd64 compressed oops)
Heap:
 PSYoungGen      total 459776K, used 425017K [0x0000000743400000, 0x0000000763300000, 0x00000007c0000000)
  eden space 429056K, 95% used [0x0000000743400000,0x000000075c402a48,0x000000075d700000)
  from space 30720K, 50% used [0x0000000761500000,0x000000076240bd90,0x0000000763300000)
  to   space 47104K, 0% used [0x000000075d700000,0x000000075d700000,0x0000000760500000)
 ParOldGen       total 518656K, used 79386K [0x0000000649c00000, 0x0000000669680000, 0x0000000743400000)
  object space 518656K, 15% used [0x0000000649c00000,0x000000064e9868c8,0x0000000669680000)
 Metaspace       used 68650K, capacity 71224K, committed 71512K, reserved 1112064K
  class space    used 8432K, capacity 8947K, committed 9048K, reserved 1048576K
GC Heap History (10 events):
Event: 4.861 GC heap before
{Heap before GC invocations=7 (full 2):
 PSYoungGen      total 275456K, used 261120K [0x0000000743400000, 0x000000075c980000, 0x00000007c0000000)
  eden space 261120K, 100% used [0x0000000743400000,0x0000000753300000,0x0000000753300000)
  from space 14336K, 0% used [0x000000075bb80000,0x000000075bb80000,0x000000075c980000)
  to   space 15872K, 0% used [0x000000075aa80000,0x000000075aa80000,0x000000075ba00000)
 ParOldGen       total 316416K, used 31679K [0x0000000649c00000, 0x000000065d100000, 0x0000000743400000)
  object space 316416K, 10% used [0x0000000649c00000,0x000000064baefca0,0x000000065d100000)
 Metaspace       used 44344K, capacity 45582K, committed 45784K, reserved 1089536K
  class space    used 5455K, capacity 5791K, committed 5848K, reserved 1048576K
Event: 4.881 GC heap after
Heap after GC invocations=7 (full 2):
 PSYoungGen      total 337408K, used 15850K [0x0000000743400000, 0x000000075bc00000, 0x00000007c0000000)
  eden space 321536K, 0% used [0x0000000743400000,0x0000000743400000,0x0000000756e00000)
  from space 15872K, 99% used [0x000000075aa80000,0x000000075b9faab0,0x000000075ba00000)
  to   space 2048K, 0% used [0x000000075ba00000,0x000000075ba00000,0x000000075bc00000)
 ParOldGen       total 316416K, used 49174K [0x0000000649c00000, 0x000000065d100000, 0x0000000743400000)
  object space 316416K, 15% used [0x0000000649c00000,0x000000064cc05978,0x000000065d100000)
 Metaspace       used 44344K, capacity 45582K, committed 45784K, reserved 1089536K
  class space    used 5455K, capacity 5791K, committed 5848K, reserved 1048576K
}
Event: 5.523 GC heap before
{Heap before GC invocations=8 (full 2):
 PSYoungGen      total 337408K, used 337386K [0x0000000743400000, 0x000000075bc00000, 0x00000007c0000000)
  eden space 321536K, 100% used [0x0000000743400000,0x0000000756e00000,0x0000000756e00000)
  from space 15872K, 99% used [0x000000075aa80000,0x000000075b9faab0,0x000000075ba00000)
  to   space 2048K, 0% used [0x000000075ba00000,0x000000075ba00000,0x000000075bc00000)
 ParOldGen       total 316416K, used 49174K [0x0000000649c00000, 0x000000065d100000, 0x0000000743400000)
  object space 316416K, 15% used [0x0000000649c00000,0x000000064cc05978,0x000000065d100000)
 Metaspace       used 49558K, capacity 50860K, committed 51160K, reserved 1093632K
  class space    used 6191K, capacity 6544K, committed 6616K, reserved 1048576K
Event: 5.542 GC heap after
Heap after GC invocations=8 (full 2):
 PSYoungGen      total 352256K, used 2016K [0x0000000743400000, 0x0000000762100000, 0x00000007c0000000)
  eden space 350208K, 0% used [0x0000000743400000,0x0000000743400000,0x0000000758a00000)
  from space 2048K, 98% used [0x000000075ba00000,0x000000075bbf80c0,0x000000075bc00000)
  to   space 49152K, 0% used [0x0000000758a00000,0x0000000758a00000,0x000000075ba00000)
 ParOldGen       total 316416K, used 100418K [0x0000000649c00000, 0x000000065d100000, 0x0000000743400000)
  object space 316416K, 31% used [0x0000000649c00000,0x000000064fe10810,0x000000065d100000)
 Metaspace       used 49558K, capacity 50860K, committed 51160K, reserved 1093632K
  class space    used 6191K, capacity 6544K, committed 6616K, reserved 1048576K
}
Event: 6.272 GC heap before
{Heap before GC invocations=9 (full 2):
 PSYoungGen      total 352256K, used 99700K [0x0000000743400000, 0x0000000762100000, 0x00000007c0000000)
  eden space 350208K, 27% used [0x0000000743400000,0x0000000749364f60,0x0000000758a00000)
  from space 2048K, 98% used [0x000000075ba00000,0x000000075bbf80c0,0x000000075bc00000)
  to   space 49152K, 0% used [0x0000000758a00000,0x0000000758a00000,0x000000075ba00000)
 ParOldGen       total 316416K, used 100418K [0x0000000649c00000, 0x000000065d100000, 0x0000000743400000)
  object space 316416K, 31% used [0x0000000649c00000,0x000000064fe10810,0x000000065d100000)
 Metaspace       used 57154K, capacity 58864K, committed 59028K, reserved 1101824K
  class space    used 7174K, capacity 7576K, committed 7640K, reserved 1048576K
Event: 6.287 GC heap after
Heap after GC invocations=9 (full 2):
 PSYoungGen      total 399360K, used 12297K [0x0000000743400000, 0x0000000764480000, 0x00000007c0000000)
  eden space 350208K, 0% used [0x0000000743400000,0x0000000743400000,0x0000000758a00000)
  from space 49152K, 25% used [0x0000000758a00000,0x0000000759602718,0x000000075ba00000)
  to   space 48640K, 0% used [0x0000000761500000,0x0000000761500000,0x0000000764480000)
 ParOldGen       total 316416K, used 100426K [0x0000000649c00000, 0x000000065d100000, 0x0000000743400000)
  object space 316416K, 31% used [0x0000000649c00000,0x000000064fe12810,0x000000065d100000)
 Metaspace       used 57154K, capacity 58864K, committed 59028K, reserved 1101824K
  class space    used 7174K, capacity 7576K, committed 7640K, reserved 1048576K
}
Event: 6.287 GC heap before
{Heap before GC invocations=10 (full 3):
 PSYoungGen      total 399360K, used 12297K [0x0000000743400000, 0x0000000764480000, 0x00000007c0000000)
  eden space 350208K, 0% used [0x0000000743400000,0x0000000743400000,0x0000000758a00000)
  from space 49152K, 25% used [0x0000000758a00000,0x0000000759602718,0x000000075ba00000)
  to   space 48640K, 0% used [0x0000000761500000,0x0000000761500000,0x0000000764480000)
 ParOldGen       total 316416K, used 100426K [0x0000000649c00000, 0x000000065d100000, 0x0000000743400000)
  object space 316416K, 31% used [0x0000000649c00000,0x000000064fe12810,0x000000065d100000)
 Metaspace       used 57154K, capacity 58864K, committed 59028K, reserved 1101824K
  class space    used 7174K, capacity 7576K, committed 7640K, reserved 1048576K
Event: 6.407 GC heap after
Heap after GC invocations=10 (full 3):
 PSYoungGen      total 399360K, used 0K [0x0000000743400000, 0x0000000764480000, 0x00000007c0000000)
  eden space 350208K, 0% used [0x0000000743400000,0x0000000743400000,0x0000000758a00000)
  from space 49152K, 0% used [0x0000000758a00000,0x0000000758a00000,0x000000075ba00000)
  to   space 48640K, 0% used [0x0000000761500000,0x0000000761500000,0x0000000764480000)
 ParOldGen       total 518656K, used 79378K [0x0000000649c00000, 0x0000000669680000, 0x0000000743400000)
  object space 518656K, 15% used [0x0000000649c00000,0x000000064e9848c8,0x0000000669680000)
 Metaspace       used 57154K, capacity 58864K, committed 59028K, reserved 1101824K
  class space    used 7174K, capacity 7576K, committed 7640K, reserved 1048576K
}
Event: 21.632 GC heap before
{Heap before GC invocations=11 (full 3):
 PSYoungGen      total 399360K, used 350208K [0x0000000743400000, 0x0000000764480000, 0x00000007c0000000)
  eden space 350208K, 100% used [0x0000000743400000,0x0000000758a00000,0x0000000758a00000)
  from space 49152K, 0% used [0x0000000758a00000,0x0000000758a00000,0x000000075ba00000)
  to   space 48640K, 0% used [0x0000000761500000,0x0000000761500000,0x0000000764480000)
 ParOldGen       total 518656K, used 79378K [0x0000000649c00000, 0x0000000669680000, 0x0000000743400000)
  object space 518656K, 15% used [0x0000000649c00000,0x000000064e9848c8,0x0000000669680000)
 Metaspace       used 68220K, capacity 70732K, committed 70872K, reserved 1112064K
  class space    used 8400K, capacity 8900K, committed 8920K, reserved 1048576K
Event: 21.647 GC heap after
Heap after GC invocations=11 (full 3):
 PSYoungGen      total 459776K, used 15407K [0x0000000743400000, 0x0000000763300000, 0x00000007c0000000)
  eden space 429056K, 0% used [0x0000000743400000,0x0000000743400000,0x000000075d700000)
  from space 30720K, 50% used [0x0000000761500000,0x000000076240bd90,0x0000000763300000)
  to   space 47104K, 0% used [0x000000075d700000,0x000000075d700000,0x0000000760500000)
 ParOldGen       total 518656K, used 79386K [0x0000000649c00000, 0x0000000669680000, 0x0000000743400000)
  object space 518656K, 15% used [0x0000000649c00000,0x000000064e9868c8,0x0000000669680000)
 Metaspace       used 68220K, capacity 70732K, committed 70872K, reserved 1112064K
  class space    used 8400K, capacity 8900K, committed 8920K, reserved 1048576K
}

