# JRE version: OpenJDK Runtime Environment (8.0_131-b11) (build 1.8.0_131-b11)
# Java VM: OpenJDK 64-Bit Server VM (25.131-b11 mixed mode linux-amd64 compressed oops)
Heap:
 PSYoungGen      total 393216K, used 74684K [0x0000000743400000, 0x000000075fe80000, 0x00000007c0000000)
  eden space 363008K, 20% used [0x0000000743400000,0x0000000747cef0e0,0x0000000759680000)
  from space 30208K, 0% used [0x0000000759680000,0x0000000759680000,0x000000075b400000)
  to   space 31744K, 0% used [0x000000075df80000,0x000000075df80000,0x000000075fe80000)
 ParOldGen       total 317440K, used 49329K [0x0000000649c00000, 0x000000065d200000, 0x0000000743400000)
  object space 317440K, 15% used [0x0000000649c00000,0x000000064cc2c560,0x000000065d200000)
 Metaspace       used 58010K, capacity 59914K, committed 60120K, reserved 1101824K
  class space    used 7265K, capacity 7669K, committed 7680K, reserved 1048576K
GC Heap History (10 events):
Event: 4.085 GC heap before
{Heap before GC invocations=6 (full 1):
 PSYoungGen      total 272896K, used 100779K [0x0000000743400000, 0x0000000754900000, 0x00000007c0000000)
  eden space 262144K, 38% used [0x0000000743400000,0x000000074966aeb8,0x0000000753400000)
  from space 10752K, 0% used [0x0000000753e80000,0x0000000753e80000,0x0000000754900000)
  to   space 10752K, 0% used [0x0000000753400000,0x0000000753400000,0x0000000753e80000)
 ParOldGen       total 175104K, used 20711K [0x0000000649c00000, 0x0000000654700000, 0x0000000743400000)
  object space 175104K, 11% used [0x0000000649c00000,0x000000064b039df0,0x0000000654700000)
 Metaspace       used 34344K, capacity 35248K, committed 35416K, reserved 1081344K
  class space    used 4139K, capacity 4426K, committed 4480K, reserved 1048576K
Event: 4.100 GC heap after
Heap after GC invocations=6 (full 1):
 PSYoungGen      total 272896K, used 10739K [0x0000000743400000, 0x000000075d180000, 0x00000007c0000000)
  eden space 262144K, 0% used [0x0000000743400000,0x0000000743400000,0x0000000753400000)
  from space 10752K, 99% used [0x0000000753400000,0x0000000753e7cfb8,0x0000000753e80000)
  to   space 17920K, 0% used [0x000000075c000000,0x000000075c000000,0x000000075d180000)
 ParOldGen       total 175104K, used 23623K [0x0000000649c00000, 0x0000000654700000, 0x0000000743400000)
  object space 175104K, 13% used [0x0000000649c00000,0x000000064b311e50,0x0000000654700000)
 Metaspace       used 34344K, capacity 35248K, committed 35416K, reserved 1081344K
  class space    used 4139K, capacity 4426K, committed 4480K, reserved 1048576K
}
Event: 4.100 GC heap before
{Heap before GC invocations=7 (full 2):
 PSYoungGen      total 272896K, used 10739K [0x0000000743400000, 0x000000075d180000, 0x00000007c0000000)
  eden space 262144K, 0% used [0x0000000743400000,0x0000000743400000,0x0000000753400000)
  from space 10752K, 99% used [0x0000000753400000,0x0000000753e7cfb8,0x0000000753e80000)
  to   space 17920K, 0% used [0x000000075c000000,0x000000075c000000,0x000000075d180000)
 ParOldGen       total 175104K, used 23623K [0x0000000649c00000, 0x0000000654700000, 0x0000000743400000)
  object space 175104K, 13% used [0x0000000649c00000,0x000000064b311e50,0x0000000654700000)
 Metaspace       used 34344K, capacity 35248K, committed 35416K, reserved 1081344K
  class space    used 4139K, capacity 4426K, committed 4480K, reserved 1048576K
Event: 4.169 GC heap after
Heap after GC invocations=7 (full 2):
 PSYoungGen      total 272896K, used 0K [0x0000000743400000, 0x000000075d180000, 0x00000007c0000000)
  eden space 262144K, 0% used [0x0000000743400000,0x0000000743400000,0x0000000753400000)
  from space 10752K, 0% used [0x0000000753400000,0x0000000753400000,0x0000000753e80000)
  to   space 17920K, 0% used [0x000000075c000000,0x000000075c000000,0x000000075d180000)
 ParOldGen       total 215040K, used 31699K [0x0000000649c00000, 0x0000000656e00000, 0x0000000743400000)
  object space 215040K, 14% used [0x0000000649c00000,0x000000064baf4cf0,0x0000000656e00000)
 Metaspace       used 34344K, capacity 35248K, committed 35416K, reserved 1081344K
  class space    used 4139K, capacity 4426K, committed 4480K, reserved 1048576K
}
Event: 5.851 GC heap before
{Heap before GC invocations=8 (full 2):
 PSYoungGen      total 272896K, used 262144K [0x0000000743400000, 0x000000075d180000, 0x00000007c0000000)
  eden space 262144K, 100% used [0x0000000743400000,0x0000000753400000,0x0000000753400000)
  from space 10752K, 0% used [0x0000000753400000,0x0000000753400000,0x0000000753e80000)
  to   space 17920K, 0% used [0x000000075c000000,0x000000075c000000,0x000000075d180000)
 ParOldGen       total 215040K, used 31699K [0x0000000649c00000, 0x0000000656e00000, 0x0000000743400000)
  object space 215040K, 14% used [0x0000000649c00000,0x000000064baf4cf0,0x0000000656e00000)
 Metaspace       used 54519K, capacity 56204K, committed 56280K, reserved 1097728K
  class space    used 6794K, capacity 7160K, committed 7168K, reserved 1048576K
Event: 5.870 GC heap after
Heap after GC invocations=8 (full 2):
 PSYoungGen      total 339456K, used 17897K [0x0000000743400000, 0x000000075d180000, 0x00000007c0000000)
  eden space 321536K, 0% used [0x0000000743400000,0x0000000743400000,0x0000000756e00000)
  from space 17920K, 99% used [0x000000075c000000,0x000000075d17a680,0x000000075d180000)
  to   space 30208K, 0% used [0x0000000759680000,0x0000000759680000,0x000000075b400000)
 ParOldGen       total 215040K, used 50018K [0x0000000649c00000, 0x0000000656e00000, 0x0000000743400000)
  object space 215040K, 23% used [0x0000000649c00000,0x000000064ccd8890,0x0000000656e00000)
 Metaspace       used 54519K, capacity 56204K, committed 56280K, reserved 1097728K
  class space    used 6794K, capacity 7160K, committed 7168K, reserved 1048576K
}
Event: 6.436 GC heap before
{Heap before GC invocations=9 (full 2):
 PSYoungGen      total 339456K, used 110788K [0x0000000743400000, 0x000000075d180000, 0x00000007c0000000)
  eden space 321536K, 28% used [0x0000000743400000,0x0000000748eb6af0,0x0000000756e00000)
  from space 17920K, 99% used [0x000000075c000000,0x000000075d17a680,0x000000075d180000)
  to   space 30208K, 0% used [0x0000000759680000,0x0000000759680000,0x000000075b400000)
 ParOldGen       total 215040K, used 50018K [0x0000000649c00000, 0x0000000656e00000, 0x0000000743400000)
  object space 215040K, 23% used [0x0000000649c00000,0x000000064ccd8890,0x0000000656e00000)
 Metaspace       used 57041K, capacity 58870K, committed 58968K, reserved 1101824K
  class space    used 7108K, capacity 7535K, committed 7552K, reserved 1048576K
Event: 6.457 GC heap after
Heap after GC invocations=9 (full 2):
 PSYoungGen      total 393216K, used 24130K [0x0000000743400000, 0x000000075fe80000, 0x00000007c0000000)
  eden space 363008K, 0% used [0x0000000743400000,0x0000000743400000,0x0000000759680000)
  from space 30208K, 79% used [0x0000000759680000,0x000000075ae10870,0x000000075b400000)
  to   space 31744K, 0% used [0x000000075df80000,0x000000075df80000,0x000000075fe80000)
 ParOldGen       total 215040K, used 50026K [0x0000000649c00000, 0x0000000656e00000, 0x0000000743400000)
  object space 215040K, 23% used [0x0000000649c00000,0x000000064ccda890,0x0000000656e00000)
 Metaspace       used 57041K, capacity 58870K, committed 58968K, reserved 1101824K
  class space    used 7108K, capacity 7535K, committed 7552K, reserved 1048576K
}
Event: 6.457 GC heap before
{Heap before GC invocations=10 (full 3):
 PSYoungGen      total 393216K, used 24130K [0x0000000743400000, 0x000000075fe80000, 0x00000007c0000000)
  eden space 363008K, 0% used [0x0000000743400000,0x0000000743400000,0x0000000759680000)
  from space 30208K, 79% used [0x0000000759680000,0x000000075ae10870,0x000000075b400000)
  to   space 31744K, 0% used [0x000000075df80000,0x000000075df80000,0x000000075fe80000)
 ParOldGen       total 215040K, used 50026K [0x0000000649c00000, 0x0000000656e00000, 0x0000000743400000)
  object space 215040K, 23% used [0x0000000649c00000,0x000000064ccda890,0x0000000656e00000)
 Metaspace       used 57041K, capacity 58870K, committed 58968K, reserved 1101824K
  class space    used 7108K, capacity 7535K, committed 7552K, reserved 1048576K
Event: 6.574 GC heap after
Heap after GC invocations=10 (full 3):
 PSYoungGen      total 393216K, used 0K [0x0000000743400000, 0x000000075fe80000, 0x00000007c0000000)
  eden space 363008K, 0% used [0x0000000743400000,0x0000000743400000,0x0000000759680000)
  from space 30208K, 0% used [0x0000000759680000,0x0000000759680000,0x000000075b400000)
  to   space 31744K, 0% used [0x000000075df80000,0x000000075df80000,0x000000075fe80000)
 ParOldGen       total 317440K, used 49329K [0x0000000649c00000, 0x000000065d200000, 0x0000000743400000)
  object space 317440K, 15% used [0x0000000649c00000,0x000000064cc2c560,0x000000065d200000)
 Metaspace       used 57041K, capacity 58870K, committed 58968K, reserved 1101824K
  class space    used 7108K, capacity 7535K, committed 7552K, reserved 1048576K
}

